[debug] [2020-04-25T21:11:05.621Z] ----------------------------------------------------------------------
[debug] [2020-04-25T21:11:05.624Z] Command:       C:\Program Files\nodejs\node.exe C:\Users\arijit.sarkar\AppData\Roaming\npm\node_modules\firebase-tools\lib\bin\firebase.js init
[debug] [2020-04-25T21:11:05.624Z] CLI Version:   8.1.1
[debug] [2020-04-25T21:11:05.624Z] Platform:      win32
[debug] [2020-04-25T21:11:05.624Z] Node Version:  v12.13.0
[debug] [2020-04-25T21:11:05.629Z] Time:          Sun Apr 26 2020 02:41:05 GMT+0530 (India Standard Time)
[debug] [2020-04-25T21:11:05.629Z] ----------------------------------------------------------------------
[debug] [2020-04-25T21:11:05.629Z] 
[debug] [2020-04-25T21:11:05.661Z] > command requires scopes: ["email","openid","https://www.googleapis.com/auth/cloudplatformprojects.readonly","https://www.googleapis.com/auth/firebase","https://www.googleapis.com/auth/cloud-platform"]
[debug] [2020-04-25T21:11:05.715Z] Error: Could not load the default credentials. Browse to https://cloud.google.com/docs/authentication/getting-started for more information.
    at GoogleAuth.getApplicationDefaultAsync (C:\Users\arijit.sarkar\AppData\Roaming\npm\node_modules\firebase-tools\node_modules\google-auth-library\build\src\auth\googleauth.js:160:19)
    at processTicksAndRejections (internal/process/task_queues.js:93:5)
    at async GoogleAuth.getClient (C:\Users\arijit.sarkar\AppData\Roaming\npm\node_modules\firebase-tools\node_modules\google-auth-library\build\src\auth\googleauth.js:502:17)
    at async GoogleAuth.getAccessToken (C:\Users\arijit.sarkar\AppData\Roaming\npm\node_modules\firebase-tools\node_modules\google-auth-library\build\src\auth\googleauth.js:524:24)
[error] 
[error] Error: An unexpected error has occurred.
[debug] [2020-04-25T21:11:18.916Z] ----------------------------------------------------------------------
[debug] [2020-04-25T21:11:18.918Z] Command:       C:\Program Files\nodejs\node.exe C:\Users\arijit.sarkar\AppData\Roaming\npm\node_modules\firebase-tools\lib\bin\firebase.js init
[debug] [2020-04-25T21:11:18.918Z] CLI Version:   8.1.1
[debug] [2020-04-25T21:11:18.918Z] Platform:      win32
[debug] [2020-04-25T21:11:18.918Z] Node Version:  v12.13.0
[debug] [2020-04-25T21:11:18.922Z] Time:          Sun Apr 26 2020 02:41:18 GMT+0530 (India Standard Time)
[debug] [2020-04-25T21:11:18.922Z] ----------------------------------------------------------------------
[debug] [2020-04-25T21:11:18.923Z] 
[debug] [2020-04-25T21:11:18.946Z] > command requires scopes: ["email","openid","https://www.googleapis.com/auth/cloudplatformprojects.readonly","https://www.googleapis.com/auth/firebase","https://www.googleapis.com/auth/cloud-platform"]
[debug] [2020-04-25T21:11:19.001Z] Error: Could not load the default credentials. Browse to https://cloud.google.com/docs/authentication/getting-started for more information.
    at GoogleAuth.getApplicationDefaultAsync (C:\Users\arijit.sarkar\AppData\Roaming\npm\node_modules\firebase-tools\node_modules\google-auth-library\build\src\auth\googleauth.js:160:19)
    at processTicksAndRejections (internal/process/task_queues.js:93:5)
    at async GoogleAuth.getClient (C:\Users\arijit.sarkar\AppData\Roaming\npm\node_modules\firebase-tools\node_modules\google-auth-library\build\src\auth\googleauth.js:502:17)
    at async GoogleAuth.getAccessToken (C:\Users\arijit.sarkar\AppData\Roaming\npm\node_modules\firebase-tools\node_modules\google-auth-library\build\src\auth\googleauth.js:524:24)
[error] 
[error] Error: An unexpected error has occurred.
[debug] [2020-04-25T21:11:43.139Z] ----------------------------------------------------------------------
[debug] [2020-04-25T21:11:43.142Z] Command:       C:\Program Files\nodejs\node.exe C:\Users\arijit.sarkar\AppData\Roaming\npm\node_modules\firebase-tools\lib\bin\firebase.js login
[debug] [2020-04-25T21:11:43.142Z] CLI Version:   8.1.1
[debug] [2020-04-25T21:11:43.142Z] Platform:      win32
[debug] [2020-04-25T21:11:43.142Z] Node Version:  v12.13.0
[debug] [2020-04-25T21:11:43.146Z] Time:          Sun Apr 26 2020 02:41:43 GMT+0530 (India Standard Time)
[debug] [2020-04-25T21:11:43.146Z] ----------------------------------------------------------------------
[debug] [2020-04-25T21:11:43.146Z] 
[info] i  Firebase optionally collects CLI usage and error reporting information to help improve our products. Data is collected in accordance with Google's privacy policy (https://policies.google.com/privacy) and is not used to identify you.

[info] i  To change your data collection preference at any time, run `firebase logout` and log in again.
[info] 
[info] Visit this URL on this device to log in:
[info] https://accounts.google.com/o/oauth2/auth?client_id=563584335869-fgrhgmd47bqnekij5i8b5pr03ho849e6.apps.googleusercontent.com&scope=email%20openid%20https%3A%2F%2Fwww.googleapis.com%2Fauth%2Fcloudplatformprojects.readonly%20https%3A%2F%2Fwww.googleapis.com%2Fauth%2Ffirebase%20https%3A%2F%2Fwww.googleapis.com%2Fauth%2Fcloud-platform&response_type=code&state=483227277&redirect_uri=http%3A%2F%2Flocalhost%3A9005
[info] 
[info] Waiting for authentication...
[debug] [2020-04-25T21:12:02.221Z] >>> HTTP REQUEST POST https://accounts.google.com/o/oauth2/token  
 {"code":"4/zAHEkpl2ELaa4Fob1kgPE-yiTvg-Ach3qw6znsOGVIz1GkDpUUe_DWHzG5L3PCyhMh57QQahmXZb51QmYFMkpm0","client_id":"563584335869-fgrhgmd47bqnekij5i8b5pr03ho849e6.apps.googleusercontent.com","client_secret":"j9iVZfS8kkCEFUPaAeJV0sAi","redirect_uri":"http://localhost:9005","grant_type":"authorization_code"}
[debug] [2020-04-25T21:12:02.505Z] Token Fetch Error: FirebaseError: Server Error. unable to verify the first certificate
    at Request._callback (C:\Users\arijit.sarkar\AppData\Roaming\npm\node_modules\firebase-tools\lib\api.js:32:31)
    at self.callback (C:\Users\arijit.sarkar\AppData\Roaming\npm\node_modules\firebase-tools\node_modules\request\request.js:185:22)
    at Request.emit (events.js:210:5)
    at Request.EventEmitter.emit (domain.js:476:20)
    at Request.onRequestError (C:\Users\arijit.sarkar\AppData\Roaming\npm\node_modules\firebase-tools\node_modules\request\request.js:877:8)
    at ClientRequest.emit (events.js:210:5)
    at ClientRequest.EventEmitter.emit (domain.js:476:20)
    at TLSSocket.socketErrorListener (_http_client.js:406:9)
    at TLSSocket.emit (events.js:210:5)
    at TLSSocket.EventEmitter.emit (domain.js:476:20)
    at emitErrorNT (internal/streams/destroy.js:92:8)
    at emitErrorAndCloseNT (internal/streams/destroy.js:60:3)
    at processTicksAndRejections (internal/process/task_queues.js:80:21)
[debug] [2020-04-25T21:12:38.815Z] ----------------------------------------------------------------------
[debug] [2020-04-25T21:12:38.817Z] Command:       C:\Program Files\nodejs\node.exe C:\Users\arijit.sarkar\AppData\Roaming\npm\node_modules\firebase-tools\lib\bin\firebase.js login
[debug] [2020-04-25T21:12:38.818Z] CLI Version:   8.1.1
[debug] [2020-04-25T21:12:38.818Z] Platform:      win32
[debug] [2020-04-25T21:12:38.818Z] Node Version:  v12.13.0
[debug] [2020-04-25T21:12:38.822Z] Time:          Sun Apr 26 2020 02:42:38 GMT+0530 (India Standard Time)
[debug] [2020-04-25T21:12:38.822Z] ----------------------------------------------------------------------
[debug] [2020-04-25T21:12:38.822Z] 
[info] i  Firebase optionally collects CLI usage and error reporting information to help improve our products. Data is collected in accordance with Google's privacy policy (https://policies.google.com/privacy) and is not used to identify you.

[info] 
[info] Visit this URL on this device to log in:
[info] https://accounts.google.com/o/oauth2/auth?client_id=563584335869-fgrhgmd47bqnekij5i8b5pr03ho849e6.apps.googleusercontent.com&scope=email%20openid%20https%3A%2F%2Fwww.googleapis.com%2Fauth%2Fcloudplatformprojects.readonly%20https%3A%2F%2Fwww.googleapis.com%2Fauth%2Ffirebase%20https%3A%2F%2Fwww.googleapis.com%2Fauth%2Fcloud-platform&response_type=code&state=1032156551&redirect_uri=http%3A%2F%2Flocalhost%3A9005
[info] 
[info] Waiting for authentication...
[debug] [2020-04-25T21:13:11.220Z] >>> HTTP REQUEST POST https://accounts.google.com/o/oauth2/token  
 {"code":"4/zAHE4ctsLSo82bIdQc2HHLqdzIHXZyMBKXhRcOerxdGVqYmQSu4tmEI_BRzhniATg-Q2ZxnPRjCt9x0H12TU6Xc","client_id":"563584335869-fgrhgmd47bqnekij5i8b5pr03ho849e6.apps.googleusercontent.com","client_secret":"j9iVZfS8kkCEFUPaAeJV0sAi","redirect_uri":"http://localhost:9005","grant_type":"authorization_code"}
[debug] [2020-04-25T21:13:11.564Z] Token Fetch Error: FirebaseError: Server Error. unable to verify the first certificate
    at Request._callback (C:\Users\arijit.sarkar\AppData\Roaming\npm\node_modules\firebase-tools\lib\api.js:32:31)
    at self.callback (C:\Users\arijit.sarkar\AppData\Roaming\npm\node_modules\firebase-tools\node_modules\request\request.js:185:22)
    at Request.emit (events.js:210:5)
    at Request.EventEmitter.emit (domain.js:476:20)
    at Request.onRequestError (C:\Users\arijit.sarkar\AppData\Roaming\npm\node_modules\firebase-tools\node_modules\request\request.js:877:8)
    at ClientRequest.emit (events.js:210:5)
    at ClientRequest.EventEmitter.emit (domain.js:476:20)
    at TLSSocket.socketErrorListener (_http_client.js:406:9)
    at TLSSocket.emit (events.js:210:5)
    at TLSSocket.EventEmitter.emit (domain.js:476:20)
    at emitErrorNT (internal/streams/destroy.js:92:8)
    at emitErrorAndCloseNT (internal/streams/destroy.js:60:3)
    at processTicksAndRejections (internal/process/task_queues.js:80:21)
